2025-02-11 23:05:12 [background-preinit] INFO  o.h.validator.internal.util.Version - HV000001: Hibernate Validator 8.0.2.Final
2025-02-11 23:05:12 [main] INFO  u.p.b.BookServiceApplication - Starting BookServiceApplication using Java 17.0.6 with PID 11052 (C:\Abbos\Spring Project\Microservice Projects\Student Book Micrservice\book-service\target\classes started by norin in C:\Abbos\Spring Project\Microservice Projects\Student Book Micrservice\student-service)
2025-02-11 23:05:12 [main] INFO  u.p.b.BookServiceApplication - No active profile set, falling back to 1 default profile: "default"
2025-02-11 23:05:12 [main] INFO  o.s.d.r.c.RepositoryConfigurationDelegate - Bootstrapping Spring Data JPA repositories in DEFAULT mode.
2025-02-11 23:05:12 [main] INFO  o.s.d.r.c.RepositoryConfigurationDelegate - Finished Spring Data repository scanning in 113 ms. Found 1 JPA repository interface.
2025-02-11 23:05:13 [main] INFO  o.s.cloud.context.scope.GenericScope - BeanFactory id=de2423e3-59d4-38e4-89f9-9d8aa852bca0
2025-02-11 23:05:13 [main] INFO  o.s.b.w.e.tomcat.TomcatWebServer - Tomcat initialized with port 1135 (http)
2025-02-11 23:05:13 [main] INFO  o.a.coyote.http11.Http11NioProtocol - Initializing ProtocolHandler ["http-nio-1135"]
2025-02-11 23:05:13 [main] INFO  o.a.catalina.core.StandardService - Starting service [Tomcat]
2025-02-11 23:05:13 [main] INFO  o.a.catalina.core.StandardEngine - Starting Servlet engine: [Apache Tomcat/10.1.34]
2025-02-11 23:05:13 [main] INFO  o.a.c.c.C.[Tomcat].[localhost].[/] - Initializing Spring embedded WebApplicationContext
2025-02-11 23:05:13 [main] INFO  o.s.b.w.s.c.ServletWebServerApplicationContext - Root WebApplicationContext: initialization completed in 1222 ms
2025-02-11 23:05:13 [main] INFO  o.h.jpa.internal.util.LogHelper - HHH000204: Processing PersistenceUnitInfo [name: default]
2025-02-11 23:05:13 [main] INFO  org.hibernate.Version - HHH000412: Hibernate ORM core version 6.6.5.Final
2025-02-11 23:05:13 [main] INFO  o.h.c.i.RegionFactoryInitiator - HHH000026: Second-level cache disabled
2025-02-11 23:05:13 [main] INFO  o.s.o.j.p.SpringPersistenceUnitInfo - No LoadTimeWeaver setup: ignoring JPA class transformer
2025-02-11 23:05:13 [main] INFO  com.zaxxer.hikari.HikariDataSource - HikariPool-1 - Starting...
2025-02-11 23:05:14 [main] INFO  com.zaxxer.hikari.pool.HikariPool - HikariPool-1 - Added connection org.postgresql.jdbc.PgConnection@71eff6a3
2025-02-11 23:05:14 [main] INFO  com.zaxxer.hikari.HikariDataSource - HikariPool-1 - Start completed.
2025-02-11 23:05:14 [main] INFO  o.hibernate.orm.connections.pooling - HHH10001005: Database info:
	Database JDBC URL [Connecting through datasource 'HikariDataSource (HikariPool-1)']
	Database driver: undefined/unknown
	Database version: 15.3
	Autocommit mode: undefined/unknown
	Isolation level: undefined/unknown
	Minimum pool size: undefined/unknown
	Maximum pool size: undefined/unknown
2025-02-11 23:05:15 [main] INFO  o.h.e.t.j.p.i.JtaPlatformInitiator - HHH000489: No JTA platform available (set 'hibernate.transaction.jta.platform' to enable JTA platform integration)
2025-02-11 23:05:15 [main] INFO  o.s.o.j.LocalContainerEntityManagerFactoryBean - Initialized JPA EntityManagerFactory for persistence unit 'default'
2025-02-11 23:05:15 [main] INFO  o.s.d.j.r.query.QueryEnhancerFactory - Hibernate is in classpath; If applicable, HQL parser will be used.
2025-02-11 23:05:15 [main] WARN  o.s.b.a.o.j.JpaBaseConfiguration$JpaWebConfiguration - spring.jpa.open-in-view is enabled by default. Therefore, database queries may be performed during view rendering. Explicitly configure spring.jpa.open-in-view to disable this warning
2025-02-11 23:05:15 [main] INFO  o.s.c.o.FeignClientFactoryBean - For 'STUDENT-SERVICE' URL not provided. Will try picking an instance via load-balancing.
2025-02-11 23:05:15 [main] INFO  o.s.c.n.e.c.DiscoveryClientOptionalArgsConfiguration - Eureka HTTP Client uses RestTemplate.
2025-02-11 23:05:15 [main] WARN  o.s.c.l.c.LoadBalancerCacheAutoConfiguration$LoadBalancerCaffeineWarnLogger - Spring Cloud LoadBalancer is currently working with the default cache. While this cache implementation is useful for development and tests, it's recommended to use Caffeine cache in production.You can switch to using Caffeine cache, by adding it and org.springframework.cache.caffeine.CaffeineCacheManager to the classpath.
2025-02-11 23:05:15 [main] INFO  o.s.c.n.eureka.InstanceInfoFactory - Setting initial instance status as: STARTING
2025-02-11 23:05:15 [main] INFO  c.netflix.discovery.DiscoveryClient - Initializing Eureka in region us-east-1
2025-02-11 23:05:15 [main] INFO  c.n.d.s.r.aws.ConfigClusterResolver - Resolving eureka endpoints via configuration
2025-02-11 23:05:15 [main] INFO  c.netflix.discovery.DiscoveryClient - Disable delta property : false
2025-02-11 23:05:15 [main] INFO  c.netflix.discovery.DiscoveryClient - Single vip registry refresh property : null
2025-02-11 23:05:15 [main] INFO  c.netflix.discovery.DiscoveryClient - Force full registry fetch : false
2025-02-11 23:05:15 [main] INFO  c.netflix.discovery.DiscoveryClient - Application is null : false
2025-02-11 23:05:15 [main] INFO  c.netflix.discovery.DiscoveryClient - Registered Applications size is zero : true
2025-02-11 23:05:15 [main] INFO  c.netflix.discovery.DiscoveryClient - Application version is -1: true
2025-02-11 23:05:15 [main] INFO  c.netflix.discovery.DiscoveryClient - Getting all instance registry info from the eureka server
2025-02-11 23:05:16 [main] INFO  c.netflix.discovery.DiscoveryClient - The response status is 200
2025-02-11 23:05:16 [main] INFO  c.netflix.discovery.DiscoveryClient - Starting heartbeat executor: renew interval is: 30
2025-02-11 23:05:16 [main] INFO  c.n.discovery.InstanceInfoReplicator - InstanceInfoReplicator onDemand update allowed rate per min is 4
2025-02-11 23:05:16 [main] INFO  c.netflix.discovery.DiscoveryClient - Discovery Client initialized at timestamp 1739297116327 with initial instances count: 3
2025-02-11 23:05:16 [main] INFO  o.s.c.n.e.s.EurekaServiceRegistry - Registering application BOOK-SERVICE with eureka with status UP
2025-02-11 23:05:16 [main] INFO  c.netflix.discovery.DiscoveryClient - Saw local status change event StatusChangeEvent [timestamp=1739297116332, current=UP, previous=STARTING]
2025-02-11 23:05:16 [main] INFO  o.a.coyote.http11.Http11NioProtocol - Starting ProtocolHandler ["http-nio-1135"]
2025-02-11 23:05:16 [DiscoveryClient-InstanceInfoReplicator-%d] INFO  c.netflix.discovery.DiscoveryClient - DiscoveryClient_BOOK-SERVICE/192.168.1.232:book-service:1135: registering service...
2025-02-11 23:05:16 [main] INFO  o.s.b.w.e.tomcat.TomcatWebServer - Tomcat started on port 1135 (http) with context path '/'
2025-02-11 23:05:16 [main] INFO  o.s.c.n.e.s.EurekaAutoServiceRegistration - Updating port to 1135
2025-02-11 23:05:16 [DiscoveryClient-InstanceInfoReplicator-%d] INFO  c.netflix.discovery.DiscoveryClient - DiscoveryClient_BOOK-SERVICE/192.168.1.232:book-service:1135 - registration status: 204
2025-02-11 23:05:16 [main] INFO  u.p.b.BookServiceApplication - Started BookServiceApplication in 4.719 seconds (process running for 5.674)
2025-02-11 23:06:59 [http-nio-1135-exec-1] INFO  o.a.c.c.C.[Tomcat].[localhost].[/] - Initializing Spring DispatcherServlet 'dispatcherServlet'
2025-02-11 23:06:59 [http-nio-1135-exec-1] INFO  o.s.web.servlet.DispatcherServlet - Initializing Servlet 'dispatcherServlet'
2025-02-11 23:06:59 [http-nio-1135-exec-1] INFO  o.s.web.servlet.DispatcherServlet - Completed initialization in 1 ms
2025-02-11 23:10:15 [AsyncResolver-bootstrap-executor-%d] INFO  c.n.d.s.r.aws.ConfigClusterResolver - Resolving eureka endpoints via configuration
2025-02-11 23:10:33 [SpringApplicationShutdownHook] INFO  o.s.c.n.e.s.EurekaServiceRegistry - Unregistering application BOOK-SERVICE with eureka with status DOWN
2025-02-11 23:10:33 [SpringApplicationShutdownHook] INFO  c.netflix.discovery.DiscoveryClient - Saw local status change event StatusChangeEvent [timestamp=1739297433003, current=DOWN, previous=UP]
2025-02-11 23:10:33 [DiscoveryClient-InstanceInfoReplicator-%d] INFO  c.netflix.discovery.DiscoveryClient - DiscoveryClient_BOOK-SERVICE/192.168.1.232:book-service:1135: registering service...
2025-02-11 23:10:33 [SpringApplicationShutdownHook] INFO  o.s.b.w.e.tomcat.GracefulShutdown - Commencing graceful shutdown. Waiting for active requests to complete
2025-02-11 23:10:33 [DiscoveryClient-InstanceInfoReplicator-%d] INFO  c.netflix.discovery.DiscoveryClient - DiscoveryClient_BOOK-SERVICE/192.168.1.232:book-service:1135 - registration status: 204
2025-02-11 23:10:33 [tomcat-shutdown] INFO  o.s.b.w.e.tomcat.GracefulShutdown - Graceful shutdown complete
2025-02-11 23:10:33 [SpringApplicationShutdownHook] INFO  o.s.o.j.LocalContainerEntityManagerFactoryBean - Closing JPA EntityManagerFactory for persistence unit 'default'
2025-02-11 23:10:33 [SpringApplicationShutdownHook] INFO  com.zaxxer.hikari.HikariDataSource - HikariPool-1 - Shutdown initiated...
2025-02-11 23:10:33 [SpringApplicationShutdownHook] INFO  com.zaxxer.hikari.HikariDataSource - HikariPool-1 - Shutdown completed.
2025-02-11 23:10:33 [SpringApplicationShutdownHook] INFO  c.netflix.discovery.DiscoveryClient - Shutting down DiscoveryClient ...
2025-02-11 23:10:36 [SpringApplicationShutdownHook] INFO  c.netflix.discovery.DiscoveryClient - Unregistering ...
2025-02-11 23:10:36 [SpringApplicationShutdownHook] INFO  c.netflix.discovery.DiscoveryClient - DiscoveryClient_BOOK-SERVICE/192.168.1.232:book-service:1135 - deregister  status: 200
2025-02-11 23:10:36 [SpringApplicationShutdownHook] INFO  c.netflix.discovery.DiscoveryClient - Completed shut down of DiscoveryClient
